<?xml version="1.0" encoding="UTF-8"?>
<testsuite xmlns:xsi="http://www.w3.org/2001/XMLSchema-instance" xsi:noNamespaceSchemaLocation="https://maven.apache.org/surefire/maven-surefire-plugin/xsd/surefire-test-report-3.0.xsd" version="3.0" name="lightmanagement.RoomTest" time="0.093" tests="6" errors="0" skipped="0" failures="0">
  <properties>
[...]
</properties>
  <testcase name="testGetLight" classname="lightmanagement.RoomTest" time="0.046"/>
  <testcase name="testToString" classname="lightmanagement.RoomTest" time="0.013"/>
  <testcase name="testAddLight" classname="lightmanagement.RoomTest" time="0.001"/>
  <testcase name="testNumberOfLights" classname="lightmanagement.RoomTest" time="0.001"/>
  <testcase name="testSetRoomID" classname="lightmanagement.RoomTest" time="0.001"/>
  <testcase name="testDefaultConstructor" classname="lightmanagement.RoomTest" time="0.001"/>
</testsuite>